<?xml version="1.0" encoding="UTF-8"?>
<!-- Generated by org.testng.reporters.JUnitReportReporter -->
<testsuite hostname="DESKTOP-9R8A4IN" failures="0" tests="1" name="TestCases.Tc3Test" time="0.010" errors="0" timestamp="2023-11-20T14:19:20 IST" skipped="0">
  <testcase classname="TestCases.Tc3Test" name="m3" time="0.010"/>
  <system-out>
    <![CDATA[Tc3 Running]]>
  </system-out>
</testsuite> <!-- TestCases.Tc3Test -->
